# JRE version: Java(TM) SE Runtime Environment (8.0_101-b13) (build 1.8.0_101-b13)
# Java VM: Java HotSpot(TM) 64-Bit Server VM (25.101-b13 mixed mode windows-amd64 compressed oops)
Heap:
 PSYoungGen      total 61952K, used 54811K [0x00000000daf00000, 0x00000000e2800000, 0x0000000100000000)
  eden space 57344K, 87% used [0x00000000daf00000,0x00000000de00cf80,0x00000000de700000)
  from space 4608K, 99% used [0x00000000de700000,0x00000000deb7a020,0x00000000deb80000)
  to   space 4608K, 0% used [0x00000000e2380000,0x00000000e2380000,0x00000000e2800000)
 ParOldGen       total 76800K, used 20100K [0x0000000090c00000, 0x0000000095700000, 0x00000000daf00000)
  object space 76800K, 26% used [0x0000000090c00000,0x0000000091fa10d0,0x0000000095700000)
 Metaspace       used 19670K, capacity 19812K, committed 20096K, reserved 1067008K
  class space    used 2564K, capacity 2606K, committed 2688K, reserved 1048576K
GC Heap History (6 events):
Event: 0.604 GC heap before
{Heap before GC invocations=1 (full 0):
 PSYoungGen      total 33280K, used 28672K [0x00000000daf00000, 0x00000000dd400000, 0x0000000100000000)
  eden space 28672K, 100% used [0x00000000daf00000,0x00000000dcb00000,0x00000000dcb00000)
  from space 4608K, 0% used [0x00000000dcf80000,0x00000000dcf80000,0x00000000dd400000)
  to   space 4608K, 0% used [0x00000000dcb00000,0x00000000dcb00000,0x00000000dcf80000)
 ParOldGen       total 76800K, used 0K [0x0000000090c00000, 0x0000000095700000, 0x00000000daf00000)
  object space 76800K, 0% used [0x0000000090c00000,0x0000000090c00000,0x0000000095700000)
 Metaspace       used 5333K, capacity 5474K, committed 5504K, reserved 1056768K
  class space    used 604K, capacity 627K, committed 640K, reserved 1048576K
Event: 0.610 GC heap after
Heap after GC invocations=1 (full 0):
 PSYoungGen      total 33280K, used 4586K [0x00000000daf00000, 0x00000000df000000, 0x0000000100000000)
  eden space 28672K, 0% used [0x00000000daf00000,0x00000000daf00000,0x00000000dcb00000)
  from space 4608K, 99% used [0x00000000dcb00000,0x00000000dcf7aa50,0x00000000dcf80000)
  to   space 4608K, 0% used [0x00000000deb80000,0x00000000deb80000,0x00000000df000000)
 ParOldGen       total 76800K, used 1296K [0x0000000090c00000, 0x0000000095700000, 0x00000000daf00000)
  object space 76800K, 1% used [0x0000000090c00000,0x0000000090d44188,0x0000000095700000)
 Metaspace       used 5333K, capacity 5474K, committed 5504K, reserved 1056768K
  class space    used 604K, capacity 627K, committed 640K, reserved 1048576K
}
Event: 0.974 GC heap before
{Heap before GC invocations=2 (full 0):
 PSYoungGen      total 33280K, used 33258K [0x00000000daf00000, 0x00000000df000000, 0x0000000100000000)
  eden space 28672K, 100% used [0x00000000daf00000,0x00000000dcb00000,0x00000000dcb00000)
  from space 4608K, 99% used [0x00000000dcb00000,0x00000000dcf7aa50,0x00000000dcf80000)
  to   space 4608K, 0% used [0x00000000deb80000,0x00000000deb80000,0x00000000df000000)
 ParOldGen       total 76800K, used 1296K [0x0000000090c00000, 0x0000000095700000, 0x00000000daf00000)
  object space 76800K, 1% used [0x0000000090c00000,0x0000000090d44188,0x0000000095700000)
 Metaspace       used 8115K, capacity 8206K, committed 8320K, reserved 1056768K
  class space    used 1012K, capacity 1045K, committed 1152K, reserved 1048576K
Event: 0.988 GC heap after
Heap after GC invocations=2 (full 0):
 PSYoungGen      total 61952K, used 4597K [0x00000000daf00000, 0x00000000df000000, 0x0000000100000000)
  eden space 57344K, 0% used [0x00000000daf00000,0x00000000daf00000,0x00000000de700000)
  from space 4608K, 99% used [0x00000000deb80000,0x00000000deffd5a0,0x00000000df000000)
  to   space 4608K, 0% used [0x00000000de700000,0x00000000de700000,0x00000000deb80000)
 ParOldGen       total 76800K, used 8973K [0x0000000090c00000, 0x0000000095700000, 0x00000000daf00000)
  object space 76800K, 11% used [0x0000000090c00000,0x00000000914c3678,0x0000000095700000)
 Metaspace       used 8115K, capacity 8206K, committed 8320K, reserved 1056768K
  class space    used 1012K, capacity 1045K, committed 1152K, reserved 1048576K
}
Event: 1.926 GC heap before
{Heap before GC invocations=3 (full 0):
 PSYoungGen      total 61952K, used 61941K [0x00000000daf00000, 0x00000000df000000, 0x0000000100000000)
  eden space 57344K, 100% used [0x00000000daf00000,0x00000000de700000,0x00000000de700000)
  from space 4608K, 99% used [0x00000000deb80000,0x00000000deffd5a0,0x00000000df000000)
  to   space 4608K, 0% used [0x00000000de700000,0x00000000de700000,0x00000000deb80000)
 ParOldGen       total 76800K, used 8973K [0x0000000090c00000, 0x0000000095700000, 0x00000000daf00000)
  object space 76800K, 11% used [0x0000000090c00000,0x00000000914c3678,0x0000000095700000)
 Metaspace       used 14216K, capacity 14294K, committed 14464K, reserved 1062912K
  class space    used 1857K, capacity 1889K, committed 1920K, reserved 1048576K
Event: 1.946 GC heap after
Heap after GC invocations=3 (full 0):
 PSYoungGen      total 61952K, used 4584K [0x00000000daf00000, 0x00000000e2800000, 0x0000000100000000)
  eden space 57344K, 0% used [0x00000000daf00000,0x00000000daf00000,0x00000000de700000)
  from space 4608K, 99% used [0x00000000de700000,0x00000000deb7a020,0x00000000deb80000)
  to   space 4608K, 0% used [0x00000000e2380000,0x00000000e2380000,0x00000000e2800000)
 ParOldGen       total 76800K, used 20100K [0x0000000090c00000, 0x0000000095700000, 0x00000000daf00000)
  object space 76800K, 26% used [0x0000000090c00000,0x0000000091fa10d0,0x0000000095700000)
 Metaspace       used 14216K, capacity 14294K, committed 14464K, reserved 1062912K
  class space    used 1857K, capacity 1889K, committed 1920K, reserved 1048576K
}

